# Server version 0.08 running on 192.168.2.11:8123
# Game ID: 54
# Board class: omweso.CCBoard
# Timeout: 2000
# First Move Timeout: 60000
# Date: Mon Mar 30 23:49:39 EDT 2015
# Player 1: Player-0, 'random', running on localhost
# Player 2: Player-1, 's260560802', running on localhost
START Player-0 random
START Player-1 s260560802
INIT 0 true 1,2,1,3,3,0,2,4,4,0,1,3,3,0,1,4
INIT 1 true 5,2,4,2,2,6,4,7,0,0,0,0,0,0,0,0
PIT 0 6
PIT 1 1
PIT 0 12
PIT 1 4
PIT 0 15
PIT 1 15
PIT 0 11
PIT 1 4
GAMEOVER WINNER 1
# Game ended: Mon Mar 30 23:49:39 EDT 2015
