# Server version 0.08 running on 192.168.2.11:8123
# Game ID: 50
# Board class: omweso.CCBoard
# Timeout: 2000
# First Move Timeout: 60000
# Date: Mon Mar 30 23:49:37 EDT 2015
# Player 1: Player-0, 'random', running on localhost
# Player 2: Player-1, 's260560802', running on localhost
START Player-0 random
START Player-1 s260560802
INIT 0 true 4,2,3,0,4,1,5,2,2,2,1,1,0,0,1,4
INIT 1 true 5,8,3,2,4,2,4,4,0,0,0,0,0,0,0,0
PIT 0 0
PIT 1 5
PIT 0 2
PIT 1 1
PIT 0 10
PIT 1 8
PIT 0 7
PIT 1 6
PIT 0 14
PIT 1 11
PIT 0 9
PIT 1 3
PIT 0 8
PIT 1 0
PIT 0 10
PIT 1 14
PIT 0 11
PIT 1 13
GAMEOVER WINNER 1
# Game ended: Mon Mar 30 23:49:38 EDT 2015
