# Server version 0.08 running on 192.168.2.11:8123
# Game ID: 7
# Board class: omweso.CCBoard
# Timeout: 2000
# First Move Timeout: 60000
# Date: Sun Mar 29 14:57:52 EDT 2015
# Player 1: Player-0, 'random', running on localhost
# Player 2: Player-1, 's260560802', running on localhost
START Player-0 random
START Player-1 s260560802
INIT 0 true 0,1,2,5,1,2,2,1,2,3,4,3,0,2,1,3
INIT 1 true 5,1,5,4,4,6,3,4,0,0,0,0,0,0,0,0
PIT 0 10
PIT 1 7
PIT 0 8
PIT 1 4
PIT 0 11
PIT 1 11
GAMEOVER WINNER 1
# Game ended: Sun Mar 29 14:57:53 EDT 2015
