# Server version 0.08 running on 192.168.2.11:8123
# Game ID: 10
# Board class: omweso.CCBoard
# Timeout: 2000
# First Move Timeout: 60000
# Date: Sun Mar 29 14:57:55 EDT 2015
# Player 1: Player-0, 'random', running on localhost
# Player 2: Player-1, 's260560802', running on localhost
START Player-0 random
START Player-1 s260560802
INIT 0 true 3,0,2,3,4,0,2,6,2,2,0,1,3,1,2,1
INIT 1 true 3,2,4,2,7,7,3,4,0,0,0,0,0,0,0,0
PIT 0 7
PIT 1 5
PIT 0 0
PIT 1 2
PIT 0 8
PIT 1 10
PIT 0 14
PIT 1 8
PIT 0 2
PIT 1 10
GAMEOVER WINNER 1
# Game ended: Sun Mar 29 14:57:55 EDT 2015
