# Server version 0.08 running on 192.168.2.11:8123
# Game ID: 49
# Board class: omweso.CCBoard
# Timeout: 2000
# First Move Timeout: 60000
# Date: Mon Mar 30 23:49:37 EDT 2015
# Player 1: Player-0, 's260560802', running on localhost
# Player 2: Player-1, 'random', running on localhost
START Player-0 s260560802
START Player-1 random
INIT 0 true 4,1,4,2,1,3,1,1,4,2,1,1,0,3,0,4
INIT 1 true 4,3,5,3,5,5,3,4,0,0,0,0,0,0,0,0
PIT 0 5
PIT 1 5
PIT 0 7
PIT 1 1
PIT 0 12
PIT 1 0
PIT 0 15
GAMEOVER WINNER 0
# Game ended: Mon Mar 30 23:49:37 EDT 2015
