# Server version 0.08 running on 192.168.2.11:8123
# Game ID: 11
# Board class: omweso.CCBoard
# Timeout: 2000
# First Move Timeout: 60000
# Date: Sun Mar 29 14:58:58 EDT 2015
# Player 1: Player-0, 'random', running on localhost
# Player 2: Player-1, 's260560802', running on localhost
START Player-0 random
START Player-1 s260560802
INIT 0 true 4,4,0,1,0,4,0,7,1,1,3,2,2,1,0,2
INIT 1 true 3,4,5,3,3,6,5,3,0,0,0,0,0,0,0,0
PIT 0 1
PIT 1 1
PIT 0 12
PIT 1 6
PIT 0 15
PIT 1 10
PIT 0 0
PIT 1 8
PIT 0 5
PIT 1 9
PIT 0 10
PIT 1 6
PIT 0 12
PIT 1 12
PIT 0 1
PIT 1 13
GAMEOVER WINNER 1
# Game ended: Sun Mar 29 14:58:58 EDT 2015
