# Server version 0.08 running on 192.168.2.11:8123
# Game ID: 15
# Board class: omweso.CCBoard
# Timeout: 2000
# First Move Timeout: 60000
# Date: Sun Mar 29 14:59:01 EDT 2015
# Player 1: Player-0, 'random', running on localhost
# Player 2: Player-1, 's260560802', running on localhost
START Player-0 random
START Player-1 s260560802
INIT 0 true 3,1,1,3,0,3,0,1,3,2,2,2,4,1,4,2
INIT 1 true 3,0,6,3,2,5,6,7,0,0,0,0,0,0,0,0
PIT 0 11
PIT 1 0
PIT 0 0
PIT 1 5
PIT 0 9
PIT 1 15
GAMEOVER WINNER 1
# Game ended: Sun Mar 29 14:59:01 EDT 2015
