# Server version 0.08 running on 192.168.2.11:8123
# Game ID: 20
# Board class: omweso.CCBoard
# Timeout: 2000
# First Move Timeout: 60000
# Date: Sun Mar 29 14:59:06 EDT 2015
# Player 1: Player-0, 's260560802', running on localhost
# Player 2: Player-1, 'random', running on localhost
START Player-0 s260560802
START Player-1 random
INIT 0 true 3,3,0,4,2,2,1,3,1,3,3,1,3,1,1,1
INIT 1 true 6,5,1,3,7,3,3,4,0,0,0,0,0,0,0,0
PIT 0 12
PIT 1 7
PIT 0 13
PIT 1 0
PIT 0 7
PIT 1 3
PIT 0 3
PIT 1 5
PIT 0 14
PIT 1 2
PIT 0 13
PIT 1 1
PIT 0 11
PIT 1 3
PIT 0 15
PIT 1 4
PIT 0 13
PIT 1 5
PIT 0 12
GAMEOVER WINNER 0
# Game ended: Sun Mar 29 14:59:07 EDT 2015
