# Server version 0.08 running on 192.168.2.11:8123
# Game ID: 25
# Board class: omweso.CCBoard
# Timeout: 2000
# First Move Timeout: 60000
# Date: Sun Mar 29 15:00:25 EDT 2015
# Player 1: Player-0, 'random', running on localhost
# Player 2: Player-1, 's260560802', running on localhost
START Player-0 random
START Player-1 s260560802
INIT 0 true 2,1,5,1,0,1,3,2,0,3,4,1,2,1,2,4
INIT 1 true 8,2,5,3,2,7,4,1,0,0,0,0,0,0,0,0
PIT 0 9
PIT 1 5
PIT 0 7
PIT 1 7
PIT 0 3
PIT 1 12
PIT 0 0
PIT 1 15
PIT 0 10
PIT 1 14
GAMEOVER WINNER 1
# Game ended: Sun Mar 29 15:00:25 EDT 2015
