# Server version 0.08 running on 192.168.2.11:8123
# Game ID: 16
# Board class: omweso.CCBoard
# Timeout: 2000
# First Move Timeout: 60000
# Date: Sun Mar 29 14:59:02 EDT 2015
# Player 1: Player-0, 'random', running on localhost
# Player 2: Player-1, 's260560802', running on localhost
START Player-0 random
START Player-1 s260560802
INIT 0 true 1,0,3,4,4,0,3,1,1,2,2,2,3,1,3,2
INIT 1 true 4,6,8,3,2,4,3,2,0,0,0,0,0,0,0,0
PIT 0 4
PIT 1 7
PIT 0 9
PIT 1 5
PIT 0 5
PIT 1 2
PIT 0 14
PIT 1 1
GAMEOVER WINNER 1
# Game ended: Sun Mar 29 14:59:02 EDT 2015
