# Server version 0.08 running on vpn156053.wireless.mcgill.ca:8123
# Game ID: 46
# Board class: omweso.CCBoard
# Timeout: 2000
# First Move Timeout: 60000
# Date: Mon Mar 30 14:06:31 EDT 2015
# Player 1: Player-0, 'random', running on localhost
# Player 2: Player-1, 's260560802', running on localhost
START Player-0 random
START Player-1 s260560802
INIT 0 true 2,4,1,3,0,1,5,2,2,3,1,0,1,3,2,2
INIT 1 true 5,6,4,5,3,5,1,3,0,0,0,0,0,0,0,0
PIT 0 14
PIT 1 4
PIT 0 13
PIT 1 6
PIT 0 14
PIT 1 10
PIT 0 2
PIT 1 8
GAMEOVER WINNER 1
# Game ended: Mon Mar 30 14:06:31 EDT 2015
