# Server version 0.08 running on 192.168.2.11:8123
# Game ID: 51
# Board class: omweso.CCBoard
# Timeout: 2000
# First Move Timeout: 60000
# Date: Mon Mar 30 23:49:38 EDT 2015
# Player 1: Player-0, 's260560802', running on localhost
# Player 2: Player-1, 'random', running on localhost
START Player-0 s260560802
START Player-1 random
INIT 0 true 2,3,3,5,1,1,2,3,2,1,3,2,1,0,3,0
INIT 1 true 2,6,2,1,2,5,7,7,0,0,0,0,0,0,0,0
PIT 0 14
PIT 1 6
PIT 0 4
PIT 1 0
PIT 0 14
PIT 1 1
PIT 0 3
PIT 1 2
PIT 0 8
PIT 1 9
PIT 0 15
GAMEOVER WINNER 0
# Game ended: Mon Mar 30 23:49:38 EDT 2015
