# Server version 0.08 running on 192.168.2.11:8123
# Game ID: 26
# Board class: omweso.CCBoard
# Timeout: 2000
# First Move Timeout: 60000
# Date: Sun Mar 29 15:00:26 EDT 2015
# Player 1: Player-0, 'random', running on localhost
# Player 2: Player-1, 's260560802', running on localhost
START Player-0 random
START Player-1 s260560802
INIT 0 true 4,2,1,1,2,3,3,4,2,1,2,3,0,2,1,1
INIT 1 true 4,3,6,2,4,3,4,6,0,0,0,0,0,0,0,0
PIT 0 11
PIT 1 7
PIT 0 3
PIT 1 0
PIT 0 7
PIT 1 8
PIT 0 1
PIT 1 6
PIT 0 11
PIT 1 15
PIT 0 15
PIT 1 14
GAMEOVER WINNER 1
# Game ended: Sun Mar 29 15:00:26 EDT 2015
