# Server version 0.08 running on vpn156053.wireless.mcgill.ca:8123
# Game ID: 40
# Board class: omweso.CCBoard
# Timeout: 2000
# First Move Timeout: 60000
# Date: Mon Mar 30 14:06:28 EDT 2015
# Player 1: Player-0, 'random', running on localhost
# Player 2: Player-1, 's260560802', running on localhost
START Player-0 random
START Player-1 s260560802
INIT 0 true 4,2,0,1,4,1,1,3,2,2,1,3,3,2,1,2
INIT 1 true 3,3,2,10,3,5,4,2,0,0,0,0,0,0,0,0
PIT 0 7
PIT 1 0
PIT 0 1
PIT 1 4
PIT 0 8
PIT 1 0
PIT 0 11
PIT 1 10
PIT 0 7
PIT 1 8
PIT 0 8
PIT 1 2
PIT 0 14
PIT 1 6
PIT 0 9
PIT 1 14
GAMEOVER WINNER 1
# Game ended: Mon Mar 30 14:06:28 EDT 2015
