# Server version 0.08 running on vpn156053.wireless.mcgill.ca:8123
# Game ID: 37
# Board class: omweso.CCBoard
# Timeout: 2000
# First Move Timeout: 60000
# Date: Mon Mar 30 14:06:26 EDT 2015
# Player 1: Player-0, 's260560802', running on localhost
# Player 2: Player-1, 'random', running on localhost
START Player-0 s260560802
START Player-1 random
INIT 0 true 2,1,2,2,3,0,5,2,2,3,3,1,3,2,0,1
INIT 1 true 2,4,6,4,3,6,4,3,0,0,0,0,0,0,0,0
PIT 0 3
PIT 1 3
PIT 0 2
PIT 1 2
PIT 0 13
PIT 1 1
PIT 0 8
PIT 1 0
PIT 0 14
GAMEOVER WINNER 0
# Game ended: Mon Mar 30 14:06:27 EDT 2015
