# Server version 0.08 running on 192.168.2.11:8123
# Game ID: 21
# Board class: omweso.CCBoard
# Timeout: 2000
# First Move Timeout: 60000
# Date: Sun Mar 29 15:00:22 EDT 2015
# Player 1: Player-0, 'random', running on localhost
# Player 2: Player-1, 's260560802', running on localhost
START Player-0 random
START Player-1 s260560802
INIT 0 true 1,3,0,4,4,2,4,1,0,2,2,1,2,2,1,3
INIT 1 true 4,3,4,5,5,5,4,2,0,0,0,0,0,0,0,0
PIT 0 9
PIT 1 2
PIT 0 12
PIT 1 4
PIT 0 10
PIT 1 6
PIT 0 3
PIT 1 0
PIT 0 5
PIT 1 6
PIT 0 13
PIT 1 13
PIT 0 14
PIT 1 15
GAMEOVER WINNER 1
# Game ended: Sun Mar 29 15:00:22 EDT 2015
