# Server version 0.08 running on 192.168.2.11:8123
# Game ID: 23
# Board class: omweso.CCBoard
# Timeout: 2000
# First Move Timeout: 60000
# Date: Sun Mar 29 15:00:24 EDT 2015
# Player 1: Player-0, 'random', running on localhost
# Player 2: Player-1, 's260560802', running on localhost
START Player-0 random
START Player-1 s260560802
INIT 0 true 4,0,1,1,3,0,3,3,3,1,1,0,5,3,1,3
INIT 1 true 4,5,4,1,3,5,5,5,0,0,0,0,0,0,0,0
PIT 0 8
PIT 1 2
PIT 0 7
PIT 1 4
PIT 0 14
PIT 1 9
PIT 0 9
PIT 1 15
PIT 0 6
PIT 1 7
GAMEOVER WINNER 1
# Game ended: Sun Mar 29 15:00:24 EDT 2015
