# Server version 0.08 running on 192.168.2.11:8123
# Game ID: 55
# Board class: omweso.CCBoard
# Timeout: 2000
# First Move Timeout: 60000
# Date: Mon Mar 30 23:49:39 EDT 2015
# Player 1: Player-0, 'random', running on localhost
# Player 2: Player-1, 's260560802', running on localhost
START Player-0 random
START Player-1 s260560802
INIT 0 true 4,1,2,2,1,1,4,2,3,2,2,1,0,3,2,2
INIT 1 true 2,6,3,1,3,7,2,8,0,0,0,0,0,0,0,0
PIT 0 13
PIT 1 4
PIT 0 11
PIT 1 6
PIT 0 15
PIT 1 12
PIT 0 8
PIT 1 15
PIT 0 2
PIT 1 12
PIT 0 0
PIT 1 14
PIT 0 1
PIT 1 15
PIT 0 2
PIT 1 13
PIT 0 3
PIT 1 15
PIT 0 4
PIT 1 14
PIT 0 5
PIT 1 13
GAMEOVER WINNER 1
# Game ended: Mon Mar 30 23:49:40 EDT 2015
