# Server version 0.08 running on 192.168.2.11:8123
# Game ID: 1
# Board class: omweso.CCBoard
# Timeout: 2000
# First Move Timeout: 60000
# Date: Sun Mar 29 14:57:48 EDT 2015
# Player 1: Player-0, 'random', running on localhost
# Player 2: Player-1, 's260560802', running on localhost
START Player-0 random
START Player-1 s260560802
INIT 0 true 2,0,5,1,2,2,2,7,2,1,0,0,0,3,3,2
INIT 1 true 1,3,2,8,4,7,3,4,0,0,0,0,0,0,0,0
PIT 0 15
PIT 1 7
PIT 0 14
PIT 1 5
PIT 0 13
PIT 1 1
PIT 0 15
PIT 1 10
PIT 0 2
PIT 1 14
PIT 0 3
PIT 1 15
PIT 0 4
PIT 1 14
PIT 0 5
PIT 1 15
PIT 0 6
PIT 1 13
GAMEOVER WINNER 1
# Game ended: Sun Mar 29 14:57:49 EDT 2015
