# Server version 0.08 running on 192.168.2.11:8123
# Game ID: 2
# Board class: omweso.CCBoard
# Timeout: 2000
# First Move Timeout: 60000
# Date: Sun Mar 29 14:57:49 EDT 2015
# Player 1: Player-0, 's260560802', running on localhost
# Player 2: Player-1, 'random', running on localhost
START Player-0 s260560802
START Player-1 random
INIT 0 true 4,2,1,2,2,1,1,3,2,1,1,2,4,2,2,2
INIT 1 true 2,6,5,4,5,2,6,2,0,0,0,0,0,0,0,0
PIT 0 3
PIT 1 1
PIT 0 10
PIT 1 3
PIT 0 14
PIT 1 0
PIT 0 2
GAMEOVER WINNER 0
# Game ended: Sun Mar 29 14:57:49 EDT 2015
