# Server version 0.08 running on 192.168.2.11:8123
# Game ID: 14
# Board class: omweso.CCBoard
# Timeout: 2000
# First Move Timeout: 60000
# Date: Sun Mar 29 14:59:00 EDT 2015
# Player 1: Player-0, 'random', running on localhost
# Player 2: Player-1, 's260560802', running on localhost
START Player-0 random
START Player-1 s260560802
INIT 0 true 0,1,1,2,1,1,2,2,3,2,3,1,4,1,6,2
INIT 1 true 1,3,4,5,2,3,7,7,0,0,0,0,0,0,0,0
PIT 0 8
PIT 1 1
PIT 0 12
PIT 1 3
PIT 0 7
PIT 1 4
PIT 0 8
PIT 1 12
PIT 0 3
PIT 1 3
PIT 0 9
PIT 1 15
GAMEOVER WINNER 1
# Game ended: Sun Mar 29 14:59:01 EDT 2015
