# Server version 0.08 running on 192.168.2.11:8123
# Game ID: 56
# Board class: omweso.CCBoard
# Timeout: 2000
# First Move Timeout: 60000
# Date: Mon Mar 30 23:49:40 EDT 2015
# Player 1: Player-0, 's260560802', running on localhost
# Player 2: Player-1, 'random', running on localhost
START Player-0 s260560802
START Player-1 random
INIT 0 true 2,1,3,0,2,3,2,2,0,0,3,3,2,4,4,1
INIT 1 true 2,3,3,2,7,9,1,5,0,0,0,0,0,0,0,0
PIT 0 14
PIT 1 5
PIT 0 15
PIT 1 6
PIT 0 12
PIT 1 8
PIT 0 7
PIT 1 9
PIT 0 13
PIT 1 7
PIT 0 0
PIT 1 10
PIT 0 8
PIT 1 13
PIT 0 13
PIT 1 14
PIT 0 14
PIT 1 11
PIT 0 15
GAMEOVER WINNER 0
# Game ended: Mon Mar 30 23:49:40 EDT 2015
