# Server version 0.08 running on 192.168.2.11:8123
# Game ID: 18
# Board class: omweso.CCBoard
# Timeout: 2000
# First Move Timeout: 60000
# Date: Sun Mar 29 14:59:03 EDT 2015
# Player 1: Player-0, 's260560802', running on localhost
# Player 2: Player-1, 'random', running on localhost
START Player-0 s260560802
START Player-1 random
INIT 0 true 6,1,2,0,1,0,2,2,3,1,3,0,4,1,3,3
INIT 1 true 7,5,3,5,3,2,4,3,0,0,0,0,0,0,0,0
PIT 0 2
PIT 1 1
PIT 0 8
PIT 1 3
PIT 0 6
PIT 1 7
PIT 0 13
PIT 1 0
PIT 0 15
PIT 1 8
PIT 0 11
PIT 1 9
PIT 0 10
PIT 1 11
PIT 0 14
GAMEOVER WINNER 0
# Game ended: Sun Mar 29 14:59:03 EDT 2015
