# Server version 0.08 running on 192.168.2.11:8123
# Game ID: 48
# Board class: omweso.CCBoard
# Timeout: 2000
# First Move Timeout: 60000
# Date: Mon Mar 30 23:49:37 EDT 2015
# Player 1: Player-0, 's260560802', running on localhost
# Player 2: Player-1, 'random', running on localhost
START Player-0 s260560802
START Player-1 random
INIT 0 true 3,1,3,2,2,0,3,3,3,2,3,1,1,2,2,1
INIT 1 true 4,3,3,10,6,2,1,3,0,0,0,0,0,0,0,0
PIT 0 3
PIT 1 3
PIT 0 2
PIT 1 2
PIT 0 15
PIT 1 0
PIT 0 7
PIT 1 1
PIT 0 13
PIT 1 6
PIT 0 5
GAMEOVER WINNER 0
# Game ended: Mon Mar 30 23:49:37 EDT 2015
