# Server version 0.08 running on vpn156053.wireless.mcgill.ca:8123
# Game ID: 32
# Board class: omweso.CCBoard
# Timeout: 2000
# First Move Timeout: 60000
# Date: Mon Mar 30 14:06:06 EDT 2015
# Player 1: Player-0, 's260560802', running on localhost
# Player 2: Player-1, 's260560802', running on localhost
START Player-0 s260560802
START Player-1 s260560802
INIT 0 true 2,1,2,3,2,2,1,2,3,1,2,5,2,2,2,0
INIT 1 true 2,5,6,9,1,4,3,2,0,0,0,0,0,0,0,0
PIT 0 14
PIT 1 6
PIT 0 9
PIT 1 5
PIT 0 8
PIT 1 6
PIT 0 4
PIT 1 2
PIT 0 11
PIT 1 1
PIT 0 12
PIT 1 4
PIT 0 3
PIT 1 8
PIT 0 15
PIT 1 3
PIT 0 13
PIT 1 0
PIT 0 15
GAMEOVER WINNER 0
# Game ended: Mon Mar 30 14:06:07 EDT 2015
