# Server version 0.08 running on 192.168.2.11:8123
# Game ID: 47
# Board class: omweso.CCBoard
# Timeout: 2000
# First Move Timeout: 60000
# Date: Mon Mar 30 23:49:36 EDT 2015
# Player 1: Player-0, 's260560802', running on localhost
# Player 2: Player-1, 'random', running on localhost
START Player-0 s260560802
START Player-1 random
INIT 0 true 3,3,0,1,1,2,1,1,3,3,2,0,4,2,4,2
INIT 1 true 5,6,6,1,5,2,5,2,0,0,0,0,0,0,0,0
PIT 0 15
PIT 1 0
PIT 0 3
PIT 1 3
PIT 0 13
PIT 1 2
PIT 0 15
PIT 1 6
PIT 0 8
PIT 1 9
PIT 0 15
PIT 1 1
PIT 0 14
GAMEOVER WINNER 0
# Game ended: Mon Mar 30 23:49:36 EDT 2015
