# Server version 0.08 running on 192.168.2.11:8123
# Game ID: 28
# Board class: omweso.CCBoard
# Timeout: 2000
# First Move Timeout: 60000
# Date: Sun Mar 29 15:00:27 EDT 2015
# Player 1: Player-0, 's260560802', running on localhost
# Player 2: Player-1, 'random', running on localhost
START Player-0 s260560802
START Player-1 random
INIT 0 true 0,0,3,0,0,4,3,4,2,3,4,1,2,1,3,2
INIT 1 true 6,5,3,5,4,3,3,3,0,0,0,0,0,0,0,0
PIT 0 14
PIT 1 4
PIT 0 7
PIT 1 6
PIT 0 12
PIT 1 3
PIT 0 15
PIT 1 0
PIT 0 13
PIT 1 1
PIT 0 10
PIT 1 3
PIT 0 15
PIT 1 4
PIT 0 15
PIT 1 2
PIT 0 14
GAMEOVER WINNER 0
# Game ended: Sun Mar 29 15:00:28 EDT 2015
