# Server version 0.08 running on 192.168.2.11:8123
# Game ID: 12
# Board class: omweso.CCBoard
# Timeout: 2000
# First Move Timeout: 60000
# Date: Sun Mar 29 14:58:59 EDT 2015
# Player 1: Player-0, 's260560802', running on localhost
# Player 2: Player-1, 'random', running on localhost
START Player-0 s260560802
START Player-1 random
INIT 0 true 1,1,0,0,0,6,3,2,2,4,3,2,1,4,0,3
INIT 1 true 5,4,2,4,7,2,5,3,0,0,0,0,0,0,0,0
PIT 0 15
PIT 1 0
PIT 0 13
PIT 1 3
PIT 0 8
PIT 1 1
PIT 0 7
PIT 1 8
PIT 0 2
PIT 1 9
PIT 0 12
PIT 1 11
PIT 0 14
GAMEOVER WINNER 0
# Game ended: Sun Mar 29 14:58:59 EDT 2015
