# Server version 0.08 running on 192.168.2.11:8123
# Game ID: 17
# Board class: omweso.CCBoard
# Timeout: 2000
# First Move Timeout: 60000
# Date: Sun Mar 29 14:59:02 EDT 2015
# Player 1: Player-0, 's260560802', running on localhost
# Player 2: Player-1, 'random', running on localhost
START Player-0 s260560802
START Player-1 random
INIT 0 true 1,5,0,1,1,2,5,2,1,3,1,4,1,2,3,0
INIT 1 true 3,3,3,2,4,10,3,4,0,0,0,0,0,0,0,0
PIT 0 9
PIT 1 1
PIT 0 13
PIT 1 2
PIT 0 6
PIT 1 3
PIT 0 12
PIT 1 0
PIT 0 14
GAMEOVER WINNER 0
# Game ended: Sun Mar 29 14:59:03 EDT 2015
