# Server version 0.08 running on 192.168.2.11:8123
# Game ID: 8
# Board class: omweso.CCBoard
# Timeout: 2000
# First Move Timeout: 60000
# Date: Sun Mar 29 14:57:53 EDT 2015
# Player 1: Player-0, 'random', running on localhost
# Player 2: Player-1, 's260560802', running on localhost
START Player-0 random
START Player-1 s260560802
INIT 0 true 2,4,1,5,4,3,2,1,3,0,1,2,0,2,1,1
INIT 1 true 4,2,3,5,5,5,3,5,0,0,0,0,0,0,0,0
PIT 0 13
PIT 1 7
PIT 0 3
PIT 1 5
PIT 0 8
PIT 1 8
PIT 0 12
PIT 1 2
PIT 0 7
PIT 1 10
PIT 0 11
PIT 1 10
PIT 0 13
PIT 1 13
PIT 0 15
PIT 1 8
PIT 0 8
PIT 1 14
PIT 0 10
PIT 1 5
PIT 0 0
PIT 1 12
PIT 0 5
PIT 1 15
GAMEOVER WINNER 1
# Game ended: Sun Mar 29 14:57:53 EDT 2015
