# Server version 0.08 running on vpn156053.wireless.mcgill.ca:8123
# Game ID: 45
# Board class: omweso.CCBoard
# Timeout: 2000
# First Move Timeout: 60000
# Date: Mon Mar 30 14:06:30 EDT 2015
# Player 1: Player-0, 'random', running on localhost
# Player 2: Player-1, 's260560802', running on localhost
START Player-0 random
START Player-1 s260560802
INIT 0 true 1,1,2,3,2,1,3,1,3,0,2,1,3,4,1,4
INIT 1 true 6,5,5,1,6,3,4,2,0,0,0,0,0,0,0,0
PIT 0 13
PIT 1 1
PIT 0 5
PIT 1 2
PIT 0 8
PIT 1 7
PIT 0 2
PIT 1 8
PIT 0 14
PIT 1 10
GAMEOVER WINNER 1
# Game ended: Mon Mar 30 14:06:30 EDT 2015
