# Server version 0.08 running on 192.168.2.11:8123
# Game ID: 52
# Board class: omweso.CCBoard
# Timeout: 2000
# First Move Timeout: 60000
# Date: Mon Mar 30 23:49:38 EDT 2015
# Player 1: Player-0, 's260560802', running on localhost
# Player 2: Player-1, 'random', running on localhost
START Player-0 s260560802
START Player-1 random
INIT 0 true 5,2,1,3,2,0,1,4,1,1,3,4,3,0,1,1
INIT 1 true 0,6,2,5,6,4,7,2,0,0,0,0,0,0,0,0
PIT 0 0
PIT 1 6
PIT 0 11
PIT 1 2
PIT 0 12
PIT 1 1
PIT 0 14
PIT 1 4
PIT 0 14
PIT 1 5
PIT 0 14
GAMEOVER WINNER 0
# Game ended: Mon Mar 30 23:49:38 EDT 2015
