# Server version 0.08 running on vpn156053.wireless.mcgill.ca:8123
# Game ID: 38
# Board class: omweso.CCBoard
# Timeout: 2000
# First Move Timeout: 60000
# Date: Mon Mar 30 14:06:27 EDT 2015
# Player 1: Player-0, 's260560802', running on localhost
# Player 2: Player-1, 'random', running on localhost
START Player-0 s260560802
START Player-1 random
INIT 0 true 0,2,1,5,4,1,2,2,2,0,2,3,1,2,3,2
INIT 1 true 4,3,1,4,4,4,5,7,0,0,0,0,0,0,0,0
PIT 0 7
PIT 1 6
PIT 0 10
PIT 1 0
PIT 0 15
PIT 1 2
PIT 0 12
PIT 1 3
PIT 0 7
PIT 1 1
PIT 0 15
PIT 1 6
PIT 0 14
GAMEOVER WINNER 0
# Game ended: Mon Mar 30 14:06:27 EDT 2015
